INFO:     Will watch for changes in these directories: ['/Users/ara/260613/todolist-fastapi']
INFO:     Uvicorn running on http://127.0.0.1:8001 (Press CTRL+C to quit)
INFO:     Started reloader process [61812] using StatReload
INFO:     Started server process [61815]
INFO:     Waiting for application startup.
2026-06-13 14:43:57,954 INFO sqlalchemy.engine.Engine select pg_catalog.version()
2026-06-13 14:43:57,954 INFO sqlalchemy.engine.Engine [raw sql] ()
2026-06-13 14:43:57,956 INFO sqlalchemy.engine.Engine select current_schema()
2026-06-13 14:43:57,956 INFO sqlalchemy.engine.Engine [raw sql] ()
2026-06-13 14:43:57,958 INFO sqlalchemy.engine.Engine show standard_conforming_strings
2026-06-13 14:43:57,958 INFO sqlalchemy.engine.Engine [raw sql] ()
2026-06-13 14:43:57,960 INFO sqlalchemy.engine.Engine BEGIN (implicit)
2026-06-13 14:43:57,961 INFO sqlalchemy.engine.Engine SELECT pg_catalog.pg_class.relname 
FROM pg_catalog.pg_class JOIN pg_catalog.pg_namespace ON pg_catalog.pg_namespace.oid = pg_catalog.pg_class.relnamespace 
WHERE pg_catalog.pg_class.relname = $1::VARCHAR AND pg_catalog.pg_class.relkind = ANY (ARRAY[$2::VARCHAR, $3::VARCHAR, $4::VARCHAR, $5::VARCHAR, $6::VARCHAR]) AND pg_catalog.pg_table_is_visible(pg_catalog.pg_class.oid) AND pg_catalog.pg_namespace.nspname != $7::VARCHAR
2026-06-13 14:43:57,961 INFO sqlalchemy.engine.Engine [generated in 0.00008s] ('todo', 'r', 'p', 'f', 'v', 'm', 'pg_catalog')
2026-06-13 14:43:57,964 INFO sqlalchemy.engine.Engine 
DROP TABLE todo
2026-06-13 14:43:57,964 INFO sqlalchemy.engine.Engine [no key 0.00006s] ()
2026-06-13 14:43:57,966 INFO sqlalchemy.engine.Engine SELECT pg_catalog.pg_class.relname 
FROM pg_catalog.pg_class JOIN pg_catalog.pg_namespace ON pg_catalog.pg_namespace.oid = pg_catalog.pg_class.relnamespace 
WHERE pg_catalog.pg_class.relname = $1::VARCHAR AND pg_catalog.pg_class.relkind = ANY (ARRAY[$2::VARCHAR, $3::VARCHAR, $4::VARCHAR, $5::VARCHAR, $6::VARCHAR]) AND pg_catalog.pg_table_is_visible(pg_catalog.pg_class.oid) AND pg_catalog.pg_namespace.nspname != $7::VARCHAR
2026-06-13 14:43:57,966 INFO sqlalchemy.engine.Engine [cached since 0.004955s ago] ('todo', 'r', 'p', 'f', 'v', 'm', 'pg_catalog')
2026-06-13 14:43:57,967 INFO sqlalchemy.engine.Engine 
CREATE TABLE todo (
	id SERIAL NOT NULL, 
	content VARCHAR(100) NOT NULL, 
	priority INTEGER NOT NULL, 
	completed BOOLEAN NOT NULL, 
	PRIMARY KEY (id)
)


2026-06-13 14:43:57,967 INFO sqlalchemy.engine.Engine [no key 0.00003s] ()
2026-06-13 14:43:57,969 INFO sqlalchemy.engine.Engine COMMIT
2026-06-13 14:43:57,970 INFO sqlalchemy.engine.Engine BEGIN (implicit)
2026-06-13 14:43:57,971 INFO sqlalchemy.engine.Engine INSERT INTO todo (priority, content, completed) VALUES
    (5, 'Eat Chicken', false),
    (7, 'RUN', false)
2026-06-13 14:43:57,971 INFO sqlalchemy.engine.Engine [generated in 0.00003s] ()
2026-06-13 14:43:57,971 INFO sqlalchemy.engine.Engine COMMIT
INFO:     Application startup complete.
INFO:     127.0.0.1:49298 - "GET /docs HTTP/1.1" 200 OK
WARNING:  StatReload detected changes in 'app/service/todo_service.py'. Reloading...
INFO:     Shutting down
INFO:     Waiting for application shutdown.
INFO:     Application shutdown complete.
INFO:     Finished server process [61815]
INFO:     Started server process [62378]
INFO:     Waiting for application startup.
2026-06-13 14:54:50,368 INFO sqlalchemy.engine.Engine select pg_catalog.version()
2026-06-13 14:54:50,368 INFO sqlalchemy.engine.Engine [raw sql] ()
2026-06-13 14:54:50,370 INFO sqlalchemy.engine.Engine select current_schema()
2026-06-13 14:54:50,370 INFO sqlalchemy.engine.Engine [raw sql] ()
2026-06-13 14:54:50,371 INFO sqlalchemy.engine.Engine show standard_conforming_strings
2026-06-13 14:54:50,371 INFO sqlalchemy.engine.Engine [raw sql] ()
2026-06-13 14:54:50,372 INFO sqlalchemy.engine.Engine BEGIN (implicit)
2026-06-13 14:54:50,374 INFO sqlalchemy.engine.Engine SELECT pg_catalog.pg_class.relname 
FROM pg_catalog.pg_class JOIN pg_catalog.pg_namespace ON pg_catalog.pg_namespace.oid = pg_catalog.pg_class.relnamespace 
WHERE pg_catalog.pg_class.relname = $1::VARCHAR AND pg_catalog.pg_class.relkind = ANY (ARRAY[$2::VARCHAR, $3::VARCHAR, $4::VARCHAR, $5::VARCHAR, $6::VARCHAR]) AND pg_catalog.pg_table_is_visible(pg_catalog.pg_class.oid) AND pg_catalog.pg_namespace.nspname != $7::VARCHAR
2026-06-13 14:54:50,374 INFO sqlalchemy.engine.Engine [generated in 0.00015s] ('todo', 'r', 'p', 'f', 'v', 'm', 'pg_catalog')
2026-06-13 14:54:50,376 INFO sqlalchemy.engine.Engine 
DROP TABLE todo
2026-06-13 14:54:50,376 INFO sqlalchemy.engine.Engine [no key 0.00004s] ()
2026-06-13 14:54:50,381 INFO sqlalchemy.engine.Engine SELECT pg_catalog.pg_class.relname 
FROM pg_catalog.pg_class JOIN pg_catalog.pg_namespace ON pg_catalog.pg_namespace.oid = pg_catalog.pg_class.relnamespace 
WHERE pg_catalog.pg_class.relname = $1::VARCHAR AND pg_catalog.pg_class.relkind = ANY (ARRAY[$2::VARCHAR, $3::VARCHAR, $4::VARCHAR, $5::VARCHAR, $6::VARCHAR]) AND pg_catalog.pg_table_is_visible(pg_catalog.pg_class.oid) AND pg_catalog.pg_namespace.nspname != $7::VARCHAR
2026-06-13 14:54:50,381 INFO sqlalchemy.engine.Engine [cached since 0.007429s ago] ('todo', 'r', 'p', 'f', 'v', 'm', 'pg_catalog')
2026-06-13 14:54:50,383 INFO sqlalchemy.engine.Engine 
CREATE TABLE todo (
	id SERIAL NOT NULL, 
	content VARCHAR(100) NOT NULL, 
	priority INTEGER NOT NULL, 
	completed BOOLEAN NOT NULL, 
	PRIMARY KEY (id)
)


2026-06-13 14:54:50,383 INFO sqlalchemy.engine.Engine [no key 0.00005s] ()
2026-06-13 14:54:50,385 INFO sqlalchemy.engine.Engine COMMIT
2026-06-13 14:54:50,385 INFO sqlalchemy.engine.Engine BEGIN (implicit)
2026-06-13 14:54:50,386 INFO sqlalchemy.engine.Engine INSERT INTO todo (priority, content, completed) VALUES
    (5, 'Eat Chicken', false),
    (7, 'RUN', false)
2026-06-13 14:54:50,386 INFO sqlalchemy.engine.Engine [generated in 0.00004s] ()
2026-06-13 14:54:50,386 INFO sqlalchemy.engine.Engine COMMIT
INFO:     Application startup complete.
WARNING:  StatReload detected changes in 'app/service/todo_service.py'. Reloading...
INFO:     Shutting down
INFO:     Waiting for application shutdown.
INFO:     Application shutdown complete.
INFO:     Finished server process [62378]
INFO:     Started server process [62408]
INFO:     Waiting for application startup.
2026-06-13 14:55:11,581 INFO sqlalchemy.engine.Engine select pg_catalog.version()
2026-06-13 14:55:11,581 INFO sqlalchemy.engine.Engine [raw sql] ()
2026-06-13 14:55:11,583 INFO sqlalchemy.engine.Engine select current_schema()
2026-06-13 14:55:11,583 INFO sqlalchemy.engine.Engine [raw sql] ()
2026-06-13 14:55:11,584 INFO sqlalchemy.engine.Engine show standard_conforming_strings
2026-06-13 14:55:11,585 INFO sqlalchemy.engine.Engine [raw sql] ()
2026-06-13 14:55:11,585 INFO sqlalchemy.engine.Engine BEGIN (implicit)
2026-06-13 14:55:11,587 INFO sqlalchemy.engine.Engine SELECT pg_catalog.pg_class.relname 
FROM pg_catalog.pg_class JOIN pg_catalog.pg_namespace ON pg_catalog.pg_namespace.oid = pg_catalog.pg_class.relnamespace 
WHERE pg_catalog.pg_class.relname = $1::VARCHAR AND pg_catalog.pg_class.relkind = ANY (ARRAY[$2::VARCHAR, $3::VARCHAR, $4::VARCHAR, $5::VARCHAR, $6::VARCHAR]) AND pg_catalog.pg_table_is_visible(pg_catalog.pg_class.oid) AND pg_catalog.pg_namespace.nspname != $7::VARCHAR
2026-06-13 14:55:11,587 INFO sqlalchemy.engine.Engine [generated in 0.00008s] ('todo', 'r', 'p', 'f', 'v', 'm', 'pg_catalog')
2026-06-13 14:55:11,589 INFO sqlalchemy.engine.Engine 
DROP TABLE todo
2026-06-13 14:55:11,589 INFO sqlalchemy.engine.Engine [no key 0.00004s] ()
2026-06-13 14:55:11,591 INFO sqlalchemy.engine.Engine SELECT pg_catalog.pg_class.relname 
FROM pg_catalog.pg_class JOIN pg_catalog.pg_namespace ON pg_catalog.pg_namespace.oid = pg_catalog.pg_class.relnamespace 
WHERE pg_catalog.pg_class.relname = $1::VARCHAR AND pg_catalog.pg_class.relkind = ANY (ARRAY[$2::VARCHAR, $3::VARCHAR, $4::VARCHAR, $5::VARCHAR, $6::VARCHAR]) AND pg_catalog.pg_table_is_visible(pg_catalog.pg_class.oid) AND pg_catalog.pg_namespace.nspname != $7::VARCHAR
2026-06-13 14:55:11,591 INFO sqlalchemy.engine.Engine [cached since 0.004145s ago] ('todo', 'r', 'p', 'f', 'v', 'm', 'pg_catalog')
2026-06-13 14:55:11,592 INFO sqlalchemy.engine.Engine 
CREATE TABLE todo (
	id SERIAL NOT NULL, 
	content VARCHAR(100) NOT NULL, 
	priority INTEGER NOT NULL, 
	completed BOOLEAN NOT NULL, 
	PRIMARY KEY (id)
)


2026-06-13 14:55:11,592 INFO sqlalchemy.engine.Engine [no key 0.00003s] ()
2026-06-13 14:55:11,595 INFO sqlalchemy.engine.Engine COMMIT
2026-06-13 14:55:11,597 INFO sqlalchemy.engine.Engine BEGIN (implicit)
2026-06-13 14:55:11,597 INFO sqlalchemy.engine.Engine INSERT INTO todo (priority, content, completed) VALUES
    (5, 'Eat Chicken', false),
    (7, 'RUN', false)
2026-06-13 14:55:11,597 INFO sqlalchemy.engine.Engine [generated in 0.00004s] ()
2026-06-13 14:55:11,602 INFO sqlalchemy.engine.Engine COMMIT
INFO:     Application startup complete.
WARNING:  StatReload detected changes in 'app/service/hello.py'. Reloading...
INFO:     Shutting down
INFO:     Waiting for application shutdown.
INFO:     Application shutdown complete.
INFO:     Finished server process [62408]
INFO:     Started server process [63384]
INFO:     Waiting for application startup.
2026-06-13 15:05:15,691 INFO sqlalchemy.engine.Engine select pg_catalog.version()
2026-06-13 15:05:15,691 INFO sqlalchemy.engine.Engine [raw sql] ()
2026-06-13 15:05:15,693 INFO sqlalchemy.engine.Engine select current_schema()
2026-06-13 15:05:15,693 INFO sqlalchemy.engine.Engine [raw sql] ()
2026-06-13 15:05:15,694 INFO sqlalchemy.engine.Engine show standard_conforming_strings
2026-06-13 15:05:15,694 INFO sqlalchemy.engine.Engine [raw sql] ()
2026-06-13 15:05:15,695 INFO sqlalchemy.engine.Engine BEGIN (implicit)
2026-06-13 15:05:15,696 INFO sqlalchemy.engine.Engine SELECT pg_catalog.pg_class.relname 
FROM pg_catalog.pg_class JOIN pg_catalog.pg_namespace ON pg_catalog.pg_namespace.oid = pg_catalog.pg_class.relnamespace 
WHERE pg_catalog.pg_class.relname = $1::VARCHAR AND pg_catalog.pg_class.relkind = ANY (ARRAY[$2::VARCHAR, $3::VARCHAR, $4::VARCHAR, $5::VARCHAR, $6::VARCHAR]) AND pg_catalog.pg_table_is_visible(pg_catalog.pg_class.oid) AND pg_catalog.pg_namespace.nspname != $7::VARCHAR
2026-06-13 15:05:15,696 INFO sqlalchemy.engine.Engine [generated in 0.00009s] ('todo', 'r', 'p', 'f', 'v', 'm', 'pg_catalog')
2026-06-13 15:05:15,698 INFO sqlalchemy.engine.Engine 
DROP TABLE todo
2026-06-13 15:05:15,698 INFO sqlalchemy.engine.Engine [no key 0.00004s] ()
2026-06-13 15:05:15,700 INFO sqlalchemy.engine.Engine SELECT pg_catalog.pg_class.relname 
FROM pg_catalog.pg_class JOIN pg_catalog.pg_namespace ON pg_catalog.pg_namespace.oid = pg_catalog.pg_class.relnamespace 
WHERE pg_catalog.pg_class.relname = $1::VARCHAR AND pg_catalog.pg_class.relkind = ANY (ARRAY[$2::VARCHAR, $3::VARCHAR, $4::VARCHAR, $5::VARCHAR, $6::VARCHAR]) AND pg_catalog.pg_table_is_visible(pg_catalog.pg_class.oid) AND pg_catalog.pg_namespace.nspname != $7::VARCHAR
2026-06-13 15:05:15,700 INFO sqlalchemy.engine.Engine [cached since 0.003873s ago] ('todo', 'r', 'p', 'f', 'v', 'm', 'pg_catalog')
2026-06-13 15:05:15,701 INFO sqlalchemy.engine.Engine 
CREATE TABLE todo (
	id SERIAL NOT NULL, 
	content VARCHAR(100) NOT NULL, 
	priority INTEGER NOT NULL, 
	completed BOOLEAN NOT NULL, 
	PRIMARY KEY (id)
)


2026-06-13 15:05:15,701 INFO sqlalchemy.engine.Engine [no key 0.00004s] ()
2026-06-13 15:05:15,705 INFO sqlalchemy.engine.Engine COMMIT
2026-06-13 15:05:15,706 INFO sqlalchemy.engine.Engine BEGIN (implicit)
2026-06-13 15:05:15,706 INFO sqlalchemy.engine.Engine INSERT INTO todo (priority, content, completed) VALUES
    (5, 'Eat Chicken', false),
    (7, 'RUN', false)
2026-06-13 15:05:15,706 INFO sqlalchemy.engine.Engine [generated in 0.00004s] ()
2026-06-13 15:05:15,710 INFO sqlalchemy.engine.Engine COMMIT
INFO:     Application startup complete.
WARNING:  StatReload detected changes in 'app/service/hello.py'. Reloading...
INFO:     Shutting down
INFO:     Waiting for application shutdown.
INFO:     Application shutdown complete.
INFO:     Finished server process [63384]
INFO:     Started server process [66491]
INFO:     Waiting for application startup.
2026-06-13 15:20:35,283 INFO sqlalchemy.engine.Engine select pg_catalog.version()
2026-06-13 15:20:35,283 INFO sqlalchemy.engine.Engine [raw sql] ()
2026-06-13 15:20:35,285 INFO sqlalchemy.engine.Engine select current_schema()
2026-06-13 15:20:35,285 INFO sqlalchemy.engine.Engine [raw sql] ()
2026-06-13 15:20:35,286 INFO sqlalchemy.engine.Engine show standard_conforming_strings
2026-06-13 15:20:35,286 INFO sqlalchemy.engine.Engine [raw sql] ()
2026-06-13 15:20:35,287 INFO sqlalchemy.engine.Engine BEGIN (implicit)
2026-06-13 15:20:35,289 INFO sqlalchemy.engine.Engine SELECT pg_catalog.pg_class.relname 
FROM pg_catalog.pg_class JOIN pg_catalog.pg_namespace ON pg_catalog.pg_namespace.oid = pg_catalog.pg_class.relnamespace 
WHERE pg_catalog.pg_class.relname = $1::VARCHAR AND pg_catalog.pg_class.relkind = ANY (ARRAY[$2::VARCHAR, $3::VARCHAR, $4::VARCHAR, $5::VARCHAR, $6::VARCHAR]) AND pg_catalog.pg_table_is_visible(pg_catalog.pg_class.oid) AND pg_catalog.pg_namespace.nspname != $7::VARCHAR
2026-06-13 15:20:35,289 INFO sqlalchemy.engine.Engine [generated in 0.00015s] ('todo', 'r', 'p', 'f', 'v', 'm', 'pg_catalog')
2026-06-13 15:20:35,291 INFO sqlalchemy.engine.Engine 
DROP TABLE todo
2026-06-13 15:20:35,291 INFO sqlalchemy.engine.Engine [no key 0.00006s] ()
2026-06-13 15:20:35,299 INFO sqlalchemy.engine.Engine SELECT pg_catalog.pg_class.relname 
FROM pg_catalog.pg_class JOIN pg_catalog.pg_namespace ON pg_catalog.pg_namespace.oid = pg_catalog.pg_class.relnamespace 
WHERE pg_catalog.pg_class.relname = $1::VARCHAR AND pg_catalog.pg_class.relkind = ANY (ARRAY[$2::VARCHAR, $3::VARCHAR, $4::VARCHAR, $5::VARCHAR, $6::VARCHAR]) AND pg_catalog.pg_table_is_visible(pg_catalog.pg_class.oid) AND pg_catalog.pg_namespace.nspname != $7::VARCHAR
2026-06-13 15:20:35,299 INFO sqlalchemy.engine.Engine [cached since 0.01069s ago] ('todo', 'r', 'p', 'f', 'v', 'm', 'pg_catalog')
2026-06-13 15:20:35,300 INFO sqlalchemy.engine.Engine 
CREATE TABLE todo (
	id SERIAL NOT NULL, 
	content VARCHAR(100) NOT NULL, 
	priority INTEGER NOT NULL, 
	completed BOOLEAN NOT NULL, 
	PRIMARY KEY (id)
)


2026-06-13 15:20:35,300 INFO sqlalchemy.engine.Engine [no key 0.00005s] ()
2026-06-13 15:20:35,303 INFO sqlalchemy.engine.Engine COMMIT
2026-06-13 15:20:35,305 INFO sqlalchemy.engine.Engine BEGIN (implicit)
2026-06-13 15:20:35,305 INFO sqlalchemy.engine.Engine INSERT INTO todo (priority, content, completed) VALUES
    (5, 'Eat Chicken', false),
    (7, 'RUN', false)
2026-06-13 15:20:35,305 INFO sqlalchemy.engine.Engine [generated in 0.00006s] ()
2026-06-13 15:20:35,306 INFO sqlalchemy.engine.Engine COMMIT
INFO:     Application startup complete.
